Using pre-set license
Built from '2020.2/release' branch; Version is '2020.2.2f1 (068178b99f32) revision 426360'; Using compiler version '192528614'; Build Type 'Release'
OS: 'Windows 10 Home; OS build 19042.804; Version 2009; 64bit' Language: 'ko' Physical Memory: 8051 MB
BatchMode: 1, IsHumanControllingUs: 0, StartBugReporterOnCrash: 0, Is64bit: 1, IsPro: 0

 COMMAND LINE ARGUMENTS:
C:\Program Files\Unity\Editor\Unity.exe
-adb2
-batchMode
-noUpm
-name
AssetImportWorker0
-projectPath
D:/Desktop/Programming/Test_Unity_2D
-logFile
Logs/AssetImportWorker0.log
-srvPort
9536
Successfully changed project path to: D:/Desktop/Programming/Test_Unity_2D
D:/Desktop/Programming/Test_Unity_2D
Using Asset Import Pipeline V2.
Refreshing native plugins compatible for Editor in 46.47 ms, found 1 plugins.
Preloading 0 native plugins for Editor in 0.00 ms.
Initialize engine version: 2020.2.2f1 (068178b99f32)
[Subsystems] Discovering subsystems at path C:/Program Files/Unity/Editor/Data/Resources/UnitySubsystems
[Subsystems] Discovering subsystems at path D:/Desktop/Programming/Test_Unity_2D/Assets
GfxDevice: creating device client; threaded=0
Direct3D:
    Version:  Direct3D 11.0 [level 11.1]
    Renderer: Intel(R) HD Graphics 620 (ID=0x5916)
    Vendor:   
    VRAM:     4025 MB
    Driver:   27.20.100.8681
Initialize mono
Mono path[0] = 'C:/Program Files/Unity/Editor/Data/Managed'
Mono path[1] = 'C:/Program Files/Unity/Editor/Data/MonoBleedingEdge/lib/mono/unityjit'
Mono config path = 'C:/Program Files/Unity/Editor/Data/MonoBleedingEdge/etc'
Using monoOptions --debugger-agent=transport=dt_socket,embedding=1,server=y,suspend=n,address=127.0.0.1:56820
Begin MonoManager ReloadAssembly
Registering precompiled unity dll's ...
Register platform support module: C:/Program Files/Unity/Editor/Data/PlaybackEngines/WindowsStandaloneSupport/UnityEditor.WindowsStandalone.Extensions.dll
Registered in 0.002902 seconds.
Native extension for WindowsStandalone target not found
Refreshing native plugins compatible for Editor in 42.55 ms, found 1 plugins.
Preloading 0 native plugins for Editor in 0.00 ms.
Invoked RoslynAnalysisRunner static constructor.
RoslynAnalysisRunner will not be running.
RoslynAnalysisRunner has terminated.
Mono: successfully reloaded assembly
- Completed reload, in  1.509 seconds
Platform modules already initialized, skipping
Registering precompiled user dll's ...
Registered in 0.001174 seconds.
Begin MonoManager ReloadAssembly
Native extension for WindowsStandalone target not found
Refreshing native plugins compatible for Editor in 44.70 ms, found 1 plugins.
Preloading 0 native plugins for Editor in 0.00 ms.
Invoked RoslynAnalysisRunner static constructor.
RoslynAnalysisRunner will not be running.
RoslynAnalysisRunner has terminated.
Mono: successfully reloaded assembly
- Completed reload, in  1.141 seconds
Platform modules already initialized, skipping
========================================================================
Worker process is ready to serve import requests
Launched and connected shader compiler UnityShaderCompiler.exe after 0.09 seconds
Refreshing native plugins compatible for Editor in 0.49 ms, found 1 plugins.
Preloading 0 native plugins for Editor in 0.00 ms.
Unloading 1796 Unused Serialized files (Serialized files now loaded: 0)
System memory in use before: 84.4 MB.
System memory in use after: 84.4 MB.

Unloading 24 unused Assets to reduce memory usage. Loaded Objects now: 2238.
Total: 3.206900 ms (FindLiveObjects: 0.386200 ms CreateObjectMapping: 0.345800 ms MarkObjects: 2.324200 ms  DeleteObjects: 0.148300 ms)

========================================================================
Received Import Request.
  path: Assets/Animations/Coin.controller
  artifactKey: Guid(df581957fe744624ead314d70f677e87) Importer(815301076,1909f56bfc062723c751e8b465ee728b)
Start importing Assets/Animations/Coin.controller using Guid(df581957fe744624ead314d70f677e87) Importer(815301076,1909f56bfc062723c751e8b465ee728b)  -> (artifact id: 'b682636f8d051ac243bd4cbe1b4abdb7') in 0.082083 seconds
  Import took 0.085874 seconds .

========================================================================
Received Prepare
Registering precompiled user dll's ...
Registered in 0.001134 seconds.
Begin MonoManager ReloadAssembly
Native extension for WindowsStandalone target not found
Refreshing native plugins compatible for Editor in 0.42 ms, found 1 plugins.
Preloading 0 native plugins for Editor in 0.00 ms.
Invoked RoslynAnalysisRunner static constructor.
RoslynAnalysisRunner will not be running.
RoslynAnalysisRunner has terminated.
Mono: successfully reloaded assembly
- Completed reload, in  1.170 seconds
Platform modules already initialized, skipping
Refreshing native plugins compatible for Editor in 0.38 ms, found 1 plugins.
Preloading 0 native plugins for Editor in 0.00 ms.
Unloading 1791 Unused Serialized files (Serialized files now loaded: 0)
System memory in use before: 84.5 MB.
System memory in use after: 84.5 MB.

Unloading 12 unused Assets to reduce memory usage. Loaded Objects now: 2241.
Total: 2.649400 ms (FindLiveObjects: 0.196600 ms CreateObjectMapping: 0.065100 ms MarkObjects: 2.238100 ms  DeleteObjects: 0.147400 ms)

========================================================================
Received Import Request.
  Time since last request: 92.374956 seconds.
  path: Assets/Animations/Coin.controller
  artifactKey: Guid(df581957fe744624ead314d70f677e87) Importer(815301076,1909f56bfc062723c751e8b465ee728b)
Start importing Assets/Animations/Coin.controller using Guid(df581957fe744624ead314d70f677e87) Importer(815301076,1909f56bfc062723c751e8b465ee728b)  -> (artifact id: '5237553e3b02b285cb246490bf835b72') in 0.030353 seconds
  Import took 0.036381 seconds .

========================================================================
Received Prepare
Registering precompiled user dll's ...
Registered in 0.001209 seconds.
Begin MonoManager ReloadAssembly
Native extension for WindowsStandalone target not found
Refreshing native plugins compatible for Editor in 0.46 ms, found 1 plugins.
Preloading 0 native plugins for Editor in 0.00 ms.
Invoked RoslynAnalysisRunner static constructor.
RoslynAnalysisRunner will not be running.
RoslynAnalysisRunner has terminated.
Mono: successfully reloaded assembly
- Completed reload, in  1.187 seconds
Platform modules already initialized, skipping
Refreshing native plugins compatible for Editor in 0.40 ms, found 1 plugins.
Preloading 0 native plugins for Editor in 0.00 ms.
Unloading 1791 Unused Serialized files (Serialized files now loaded: 0)
System memory in use before: 84.6 MB.
System memory in use after: 84.6 MB.

Unloading 12 unused Assets to reduce memory usage. Loaded Objects now: 2244.
Total: 3.005400 ms (FindLiveObjects: 0.308700 ms CreateObjectMapping: 0.160400 ms MarkObjects: 2.383500 ms  DeleteObjects: 0.150900 ms)

========================================================================
Received Prepare
Registering precompiled user dll's ...
Registered in 0.001227 seconds.
Begin MonoManager ReloadAssembly
Native extension for WindowsStandalone target not found
Refreshing native plugins compatible for Editor in 0.60 ms, found 1 plugins.
Preloading 0 native plugins for Editor in 0.00 ms.
Invoked RoslynAnalysisRunner static constructor.
RoslynAnalysisRunner will not be running.
RoslynAnalysisRunner has terminated.
Mono: successfully reloaded assembly
- Completed reload, in  1.304 seconds
Platform modules already initialized, skipping
Refreshing native plugins compatible for Editor in 0.40 ms, found 1 plugins.
Preloading 0 native plugins for Editor in 0.00 ms.
Unloading 1791 Unused Serialized files (Serialized files now loaded: 0)
System memory in use before: 84.7 MB.
System memory in use after: 84.7 MB.

Unloading 12 unused Assets to reduce memory usage. Loaded Objects now: 2247.
Total: 2.342100 ms (FindLiveObjects: 0.216800 ms CreateObjectMapping: 0.088600 ms MarkObjects: 1.918700 ms  DeleteObjects: 0.116100 ms)

========================================================================
Received Prepare
Registering precompiled user dll's ...
Registered in 0.001381 seconds.
Begin MonoManager ReloadAssembly
Native extension for WindowsStandalone target not found
Refreshing native plugins compatible for Editor in 0.46 ms, found 1 plugins.
Preloading 0 native plugins for Editor in 0.00 ms.
Invoked RoslynAnalysisRunner static constructor.
RoslynAnalysisRunner will not be running.
RoslynAnalysisRunner has terminated.
Mono: successfully reloaded assembly
- Completed reload, in  1.071 seconds
Platform modules already initialized, skipping
Refreshing native plugins compatible for Editor in 0.38 ms, found 1 plugins.
Preloading 0 native plugins for Editor in 0.00 ms.
Unloading 1791 Unused Serialized files (Serialized files now loaded: 0)
System memory in use before: 84.7 MB.
System memory in use after: 84.7 MB.

Unloading 12 unused Assets to reduce memory usage. Loaded Objects now: 2250.
Total: 2.819300 ms (FindLiveObjects: 0.341500 ms CreateObjectMapping: 0.132700 ms MarkObjects: 2.224500 ms  DeleteObjects: 0.119000 ms)

========================================================================
Received Import Request.
  Time since last request: 205.217247 seconds.
  path: Assets/Animations/Coin_Bronze.controller
  artifactKey: Guid(df581957fe744624ead314d70f677e87) Importer(815301076,1909f56bfc062723c751e8b465ee728b)
Start importing Assets/Animations/Coin_Bronze.controller using Guid(df581957fe744624ead314d70f677e87) Importer(815301076,1909f56bfc062723c751e8b465ee728b)  -> (artifact id: '0db24b9300b3b842bbc7ac3a68f90565') in 0.026062 seconds
  Import took 0.031420 seconds .

========================================================================
Received Import Request.
  Time since last request: 108.239890 seconds.
  path: Assets/Animations/Coin_Silver.anim
  artifactKey: Guid(21fea5e4248c1734bbe4b4809e0014d1) Importer(815301076,1909f56bfc062723c751e8b465ee728b)
Start importing Assets/Animations/Coin_Silver.anim using Guid(21fea5e4248c1734bbe4b4809e0014d1) Importer(815301076,1909f56bfc062723c751e8b465ee728b)  -> (artifact id: 'e1e7a5aacd997ce1a33e2ce8c75a4f05') in 0.013958 seconds
  Import took 0.017807 seconds .

========================================================================
Received Import Request.
  Time since last request: 31.542315 seconds.
  path: Assets/Animations
  artifactKey: Guid(2b4d13b5a0d644944a03cd5b20643d30) Importer(815301076,1909f56bfc062723c751e8b465ee728b)
Start importing Assets/Animations using Guid(2b4d13b5a0d644944a03cd5b20643d30) Importer(815301076,1909f56bfc062723c751e8b465ee728b)  -> (artifact id: '9d072b2df215f0f18ce52d8113b8609f') in 0.009103 seconds
  Import took 0.013040 seconds .

========================================================================
Received Import Request.
  Time since last request: 14.890803 seconds.
  path: Assets/Animations/Coin_Silver.controller
  artifactKey: Guid(21a18271a8dec8743a49183c76276e2a) Importer(815301076,1909f56bfc062723c751e8b465ee728b)
Start importing Assets/Animations/Coin_Silver.controller using Guid(21a18271a8dec8743a49183c76276e2a) Importer(815301076,1909f56bfc062723c751e8b465ee728b)  -> (artifact id: '88705e6f9f17faf89051375f7b890363') in 0.008703 seconds
  Import took 0.012914 seconds .

========================================================================
Received Prepare
Registering precompiled user dll's ...
Registered in 0.001491 seconds.
Begin MonoManager ReloadAssembly
Native extension for WindowsStandalone target not found
Refreshing native plugins compatible for Editor in 0.39 ms, found 1 plugins.
Preloading 0 native plugins for Editor in 0.00 ms.
Invoked RoslynAnalysisRunner static constructor.
RoslynAnalysisRunner will not be running.
RoslynAnalysisRunner has terminated.
Mono: successfully reloaded assembly
- Completed reload, in  1.141 seconds
Platform modules already initialized, skipping
Refreshing native plugins compatible for Editor in 0.43 ms, found 1 plugins.
Preloading 0 native plugins for Editor in 0.00 ms.
Unloading 1791 Unused Serialized files (Serialized files now loaded: 0)
System memory in use before: 84.8 MB.
System memory in use after: 84.8 MB.

Unloading 12 unused Assets to reduce memory usage. Loaded Objects now: 2253.
Total: 2.821500 ms (FindLiveObjects: 0.197400 ms CreateObjectMapping: 0.081700 ms MarkObjects: 2.393700 ms  DeleteObjects: 0.146400 ms)

========================================================================
Received Prepare
Registering precompiled user dll's ...
Registered in 0.001610 seconds.
Begin MonoManager ReloadAssembly
Native extension for WindowsStandalone target not found
Refreshing native plugins compatible for Editor in 0.40 ms, found 1 plugins.
Preloading 0 native plugins for Editor in 0.00 ms.
Invoked RoslynAnalysisRunner static constructor.
RoslynAnalysisRunner will not be running.
RoslynAnalysisRunner has terminated.
Mono: successfully reloaded assembly
- Completed reload, in  1.074 seconds
Platform modules already initialized, skipping
Refreshing native plugins compatible for Editor in 0.38 ms, found 1 plugins.
Preloading 0 native plugins for Editor in 0.00 ms.
Unloading 1791 Unused Serialized files (Serialized files now loaded: 0)
System memory in use before: 84.9 MB.
System memory in use after: 84.9 MB.

Unloading 12 unused Assets to reduce memory usage. Loaded Objects now: 2256.
Total: 2.642300 ms (FindLiveObjects: 0.187300 ms CreateObjectMapping: 0.094100 ms MarkObjects: 2.238300 ms  DeleteObjects: 0.120900 ms)

========================================================================
Received Prepare
Registering precompiled user dll's ...
Registered in 0.001202 seconds.
Begin MonoManager ReloadAssembly
Native extension for WindowsStandalone target not found
Refreshing native plugins compatible for Editor in 0.46 ms, found 1 plugins.
Preloading 0 native plugins for Editor in 0.00 ms.
Invoked RoslynAnalysisRunner static constructor.
RoslynAnalysisRunner will not be running.
RoslynAnalysisRunner has terminated.
Mono: successfully reloaded assembly
- Completed reload, in  1.052 seconds
Platform modules already initialized, skipping
Refreshing native plugins compatible for Editor in 0.38 ms, found 1 plugins.
Preloading 0 native plugins for Editor in 0.00 ms.
Unloading 1791 Unused Serialized files (Serialized files now loaded: 0)
System memory in use before: 85.0 MB.
System memory in use after: 85.0 MB.

Unloading 12 unused Assets to reduce memory usage. Loaded Objects now: 2259.
Total: 3.020300 ms (FindLiveObjects: 0.207800 ms CreateObjectMapping: 0.095900 ms MarkObjects: 2.590300 ms  DeleteObjects: 0.124700 ms)

========================================================================
Received Prepare
Registering precompiled user dll's ...
Registered in 0.001300 seconds.
Begin MonoManager ReloadAssembly
Native extension for WindowsStandalone target not found
Refreshing native plugins compatible for Editor in 0.37 ms, found 1 plugins.
Preloading 0 native plugins for Editor in 0.00 ms.
Invoked RoslynAnalysisRunner static constructor.
RoslynAnalysisRunner will not be running.
RoslynAnalysisRunner has terminated.
Mono: successfully reloaded assembly
- Completed reload, in  1.033 seconds
Platform modules already initialized, skipping
Refreshing native plugins compatible for Editor in 0.38 ms, found 1 plugins.
Preloading 0 native plugins for Editor in 0.00 ms.
Unloading 1791 Unused Serialized files (Serialized files now loaded: 0)
System memory in use before: 85.0 MB.
System memory in use after: 85.0 MB.

Unloading 12 unused Assets to reduce memory usage. Loaded Objects now: 2262.
Total: 3.243800 ms (FindLiveObjects: 0.200300 ms CreateObjectMapping: 0.100800 ms MarkObjects: 2.798300 ms  DeleteObjects: 0.142900 ms)

========================================================================
Received Prepare
Registering precompiled user dll's ...
Registered in 0.001156 seconds.
Begin MonoManager ReloadAssembly
Native extension for WindowsStandalone target not found
Refreshing native plugins compatible for Editor in 0.40 ms, found 1 plugins.
Preloading 0 native plugins for Editor in 0.00 ms.
Invoked RoslynAnalysisRunner static constructor.
RoslynAnalysisRunner will not be running.
RoslynAnalysisRunner has terminated.
Mono: successfully reloaded assembly
- Completed reload, in  1.076 seconds
Platform modules already initialized, skipping
Refreshing native plugins compatible for Editor in 0.47 ms, found 1 plugins.
Preloading 0 native plugins for Editor in 0.00 ms.
Unloading 1791 Unused Serialized files (Serialized files now loaded: 0)
System memory in use before: 85.1 MB.
System memory in use after: 85.1 MB.

Unloading 12 unused Assets to reduce memory usage. Loaded Objects now: 2265.
Total: 2.851300 ms (FindLiveObjects: 0.206500 ms CreateObjectMapping: 0.077900 ms MarkObjects: 2.426900 ms  DeleteObjects: 0.137700 ms)

========================================================================
Received Import Request.
  Time since last request: 587.494633 seconds.
  path: Assets/Scripts/Coin.cs
  artifactKey: Guid(51b88eb8efd65a44192e27ec7e2b46f3) Importer(815301076,1909f56bfc062723c751e8b465ee728b)
Start importing Assets/Scripts/Coin.cs using Guid(51b88eb8efd65a44192e27ec7e2b46f3) Importer(815301076,1909f56bfc062723c751e8b465ee728b)  -> (artifact id: 'a420d71e93bdbb38df693d3dca0d7a71') in 0.017891 seconds
  Import took 0.023520 seconds .

========================================================================
Received Import Request.
  Time since last request: 0.760020 seconds.
  path: Assets/Scripts/Enemy_Move.cs
  artifactKey: Guid(cf72b4d3e49bab34fbb4ff905df7432d) Importer(815301076,1909f56bfc062723c751e8b465ee728b)
Start importing Assets/Scripts/Enemy_Move.cs using Guid(cf72b4d3e49bab34fbb4ff905df7432d) Importer(815301076,1909f56bfc062723c751e8b465ee728b)  -> (artifact id: '85519b421f44e1b5878f5c25445077ba') in 0.003309 seconds
  Import took 0.007502 seconds .

========================================================================
Received Import Request.
  Time since last request: 0.032900 seconds.
  path: Assets/Scripts/Enemy_Move.cs
  artifactKey: Guid(cf72b4d3e49bab34fbb4ff905df7432d) Importer(815301076,1909f56bfc062723c751e8b465ee728b)
Start importing Assets/Scripts/Enemy_Move.cs using Guid(cf72b4d3e49bab34fbb4ff905df7432d) Importer(815301076,1909f56bfc062723c751e8b465ee728b)  -> (artifact id: '85519b421f44e1b5878f5c25445077ba') in 0.002931 seconds
  Import took 0.008190 seconds .

========================================================================
Received Import Request.
  Time since last request: 0.583110 seconds.
  path: Assets/Scripts/Player_Move.cs
  artifactKey: Guid(94b33bad89f58ca4da55dac72a79beab) Importer(815301076,1909f56bfc062723c751e8b465ee728b)
Start importing Assets/Scripts/Player_Move.cs using Guid(94b33bad89f58ca4da55dac72a79beab) Importer(815301076,1909f56bfc062723c751e8b465ee728b)  -> (artifact id: '2db0645eb6914eb0a4beba30316185e1') in 0.002915 seconds
  Import took 0.006914 seconds .

========================================================================
Received Import Request.
  Time since last request: 0.004495 seconds.
  path: Assets/Scripts/Player_Move.cs
  artifactKey: Guid(94b33bad89f58ca4da55dac72a79beab) Importer(815301076,1909f56bfc062723c751e8b465ee728b)
Start importing Assets/Scripts/Player_Move.cs using Guid(94b33bad89f58ca4da55dac72a79beab) Importer(815301076,1909f56bfc062723c751e8b465ee728b)  -> (artifact id: '2db0645eb6914eb0a4beba30316185e1') in 0.005276 seconds
  Import took 0.009637 seconds .

========================================================================
Received Prepare
Registering precompiled user dll's ...
Registered in 0.001409 seconds.
Begin MonoManager ReloadAssembly
Native extension for WindowsStandalone target not found
Refreshing native plugins compatible for Editor in 0.49 ms, found 1 plugins.
Preloading 0 native plugins for Editor in 0.00 ms.
Invoked RoslynAnalysisRunner static constructor.
RoslynAnalysisRunner will not be running.
RoslynAnalysisRunner has terminated.
Mono: successfully reloaded assembly
- Completed reload, in  1.108 seconds
Platform modules already initialized, skipping
Refreshing native plugins compatible for Editor in 0.57 ms, found 1 plugins.
Preloading 0 native plugins for Editor in 0.00 ms.
Unloading 1791 Unused Serialized files (Serialized files now loaded: 0)
System memory in use before: 85.2 MB.
System memory in use after: 85.2 MB.

Unloading 12 unused Assets to reduce memory usage. Loaded Objects now: 2268.
Total: 3.523400 ms (FindLiveObjects: 0.517800 ms CreateObjectMapping: 0.245600 ms MarkObjects: 2.531300 ms  DeleteObjects: 0.226300 ms)

AssetImportWorkerClient::OnTransportError - code=2 error=End of file
